TN:
SF:src/lib/block.ts
FN:4,<instance_members_initializer>
FN:11,Block
FN:19,getHash
FN:23,isValid
FNF:4
FNH:4
FNDA:8,<instance_members_initializer>
FNDA:8,Block
FNDA:8,getHash
FNDA:5,isValid
DA:1,1
DA:2,1
DA:3,1
DA:4,1
DA:5,8
DA:6,8
DA:7,8
DA:8,8
DA:9,8
DA:10,8
DA:11,8
DA:12,8
DA:13,8
DA:14,8
DA:15,8
DA:16,8
DA:17,8
DA:18,8
DA:19,8
DA:20,8
DA:21,8
DA:22,8
DA:23,8
DA:24,5
DA:25,5
DA:26,5
DA:27,5
DA:28,3
DA:29,3
DA:30,3
DA:31,8
LF:31
LH:31
BRDA:4,0,0,8
BRDA:11,1,0,8
BRDA:19,2,0,8
BRDA:23,3,0,5
BRDA:24,4,0,1
BRDA:25,5,0,4
BRDA:25,6,0,0
BRDA:25,7,0,4
BRDA:26,8,0,3
BRDA:26,9,0,1
BRDA:27,10,0,0
BRDA:27,11,0,3
BRF:12
BRH:10
end_of_record
TN:
SF:src/lib/blockchain.ts
FN:4,<instance_members_initializer>
FN:8,Blockchain
FN:13,getLastBlock
FN:17,addBlock
FN:25,isValid
FNF:5
FNH:5
FNDA:3,<instance_members_initializer>
FNDA:3,Blockchain
FNDA:1,getLastBlock
FNDA:1,addBlock
FNDA:2,isValid
DA:1,1
DA:2,1
DA:3,1
DA:4,1
DA:5,3
DA:6,3
DA:7,3
DA:8,3
DA:9,3
DA:10,3
DA:11,3
DA:12,3
DA:13,3
DA:14,1
DA:15,1
DA:16,3
DA:17,3
DA:18,1
DA:19,1
DA:20,1
DA:21,1
DA:22,1
DA:23,1
DA:24,3
DA:25,3
DA:26,2
DA:27,2
DA:28,1
DA:29,1
DA:30,1
DA:31,1
DA:32,1
DA:33,1
DA:34,1
DA:35,1
DA:36,2
DA:37,2
DA:38,3
LF:38
LH:38
BRDA:4,0,0,3
BRDA:8,1,0,3
BRDA:13,2,0,1
BRDA:17,3,0,1
BRDA:19,4,0,0
BRDA:25,5,0,2
BRDA:27,6,0,1
BRDA:33,7,0,0
BRF:8
BRH:6
end_of_record
TN:
SF:src/lib/validation.ts
FN:1,<instance_members_initializer>
FN:5,Validation
FNF:2
FNH:2
FNDA:7,<instance_members_initializer>
FNDA:7,Validation
DA:1,1
DA:2,7
DA:3,7
DA:4,7
DA:5,7
DA:6,7
DA:7,7
DA:8,7
DA:9,7
LF:9
LH:9
BRDA:1,0,0,7
BRDA:5,1,0,7
BRF:2
BRH:2
end_of_record
