TN:
SF:src/lib/block.ts
FN:3,<instance_members_initializer>
FN:10,Block
FN:18,getHash
FN:22,isValid
FNF:4
FNH:4
FNDA:4,<instance_members_initializer>
FNDA:4,Block
FNDA:4,getHash
FNDA:3,isValid
DA:1,1
DA:2,1
DA:3,1
DA:4,4
DA:5,4
DA:6,4
DA:7,4
DA:8,4
DA:9,4
DA:10,4
DA:11,4
DA:12,4
DA:13,4
DA:14,4
DA:15,4
DA:16,4
DA:17,4
DA:18,4
DA:19,4
DA:20,4
DA:21,4
DA:22,4
DA:23,3
DA:24,3
DA:25,1
DA:26,1
DA:27,1
DA:28,4
LF:28
LH:28
BRDA:3,0,0,4
BRDA:10,1,0,4
BRDA:18,2,0,4
BRDA:22,3,0,3
BRDA:23,4,0,1
BRDA:24,5,0,2
BRDA:24,6,0,1
BRF:7
BRH:7
end_of_record
TN:
SF:src/lib/blockchain.ts
FN:3,<instance_members_initializer>
FN:6,Blockchain
FNF:2
FNH:2
FNDA:1,<instance_members_initializer>
FNDA:1,Blockchain
DA:1,1
DA:2,1
DA:3,1
DA:4,1
DA:5,1
DA:6,1
DA:7,1
DA:8,1
DA:9,1
LF:9
LH:9
BRDA:3,0,0,1
BRDA:6,1,0,1
BRF:2
BRH:2
end_of_record
